    47>D:\projects\misis2024f-check\misis2024f-24-01-kuznetsov-m-a\prj.check\prj.check\doctest_rational\doctest_rational_io.cpp(36,5): error C2065: Rational: необъявленный идентификатор [D:\projects\misis2024f-check\misis2024f-24-01-kuznetsov-m-a\build.check\prj.check\prj.check\doctest_rational\doctest_rational_io.vcxproj]
    45>D:\projects\misis2024f-check\misis2024f-24-01-kuznetsov-m-a\prj.check\prj.check\doctest_rational\doctest_rational.cpp(14,3): error C3861: Rational: идентификатор не найден [D:\projects\misis2024f-check\misis2024f-24-01-kuznetsov-m-a\build.check\prj.check\prj.check\doctest_rational\doctest_rational.vcxproj]
    47>D:\projects\misis2024f-check\misis2024f-24-01-kuznetsov-m-a\prj.check\prj.check\doctest_rational\doctest_rational_io.cpp(36,14): error C2146: синтаксическая ошибка: отсутствие ";" перед идентификатором "r" [D:\projects\misis2024f-check\misis2024f-24-01-kuznetsov-m-a\build.check\prj.check\prj.check\doctest_rational\doctest_rational_io.vcxproj]
    45>D:\projects\misis2024f-check\misis2024f-24-01-kuznetsov-m-a\prj.check\prj.check\doctest_rational\doctest_rational.cpp(14,3): error C2678: бинарный "<<": не найден оператор, принимающий левый операнд типа "doctest::detail::ExpressionDecomposer" (или приемлемое преобразование отсутствует) [D:\projects\misis2024f-check\misis2024f-24-01-kuznetsov-m-a\build.check\prj.check\prj.check\doctest_rational\doctest_rational.vcxproj]
    47>D:\projects\misis2024f-check\misis2024f-24-01-kuznetsov-m-a\prj.check\prj.check\doctest_rational\doctest_rational_io.cpp(36,14): error C2065: r: необъявленный идентификатор [D:\projects\misis2024f-check\misis2024f-24-01-kuznetsov-m-a\build.check\prj.check\prj.check\doctest_rational\doctest_rational_io.vcxproj]
    45>D:\projects\misis2024f-check\misis2024f-24-01-kuznetsov-m-a\prj.check\prj.check\doctest_rational\doctest_rational.cpp(15,3): error C3861: Rational: идентификатор не найден [D:\projects\misis2024f-check\misis2024f-24-01-kuznetsov-m-a\build.check\prj.check\prj.check\doctest_rational\doctest_rational.vcxproj]
    47>D:\projects\misis2024f-check\misis2024f-24-01-kuznetsov-m-a\prj.check\prj.check\doctest_rational\doctest_rational_io.cpp(37,14): error C2065: r: необъявленный идентификатор [D:\projects\misis2024f-check\misis2024f-24-01-kuznetsov-m-a\build.check\prj.check\prj.check\doctest_rational\doctest_rational_io.vcxproj]
    47>D:\projects\misis2024f-check\misis2024f-24-01-kuznetsov-m-a\prj.check\prj.check\doctest_rational\doctest_rational_io.cpp(44,5): error C2065: Rational: необъявленный идентификатор [D:\projects\misis2024f-check\misis2024f-24-01-kuznetsov-m-a\build.check\prj.check\prj.check\doctest_rational\doctest_rational_io.vcxproj]
    45>D:\projects\misis2024f-check\misis2024f-24-01-kuznetsov-m-a\prj.check\prj.check\doctest_rational\doctest_rational.cpp(15,3): error C2678: бинарный "<<": не найден оператор, принимающий левый операнд типа "doctest::detail::ExpressionDecomposer" (или приемлемое преобразование отсутствует) [D:\projects\misis2024f-check\misis2024f-24-01-kuznetsov-m-a\build.check\prj.check\prj.check\doctest_rational\doctest_rational.vcxproj]
    47>D:\projects\misis2024f-check\misis2024f-24-01-kuznetsov-m-a\prj.check\prj.check\doctest_rational\doctest_rational_io.cpp(44,14): error C2146: синтаксическая ошибка: отсутствие ";" перед идентификатором "r" [D:\projects\misis2024f-check\misis2024f-24-01-kuznetsov-m-a\build.check\prj.check\prj.check\doctest_rational\doctest_rational_io.vcxproj]
    47>D:\projects\misis2024f-check\misis2024f-24-01-kuznetsov-m-a\prj.check\prj.check\doctest_rational\doctest_rational_io.cpp(44,14): error C2065: r: необъявленный идентификатор [D:\projects\misis2024f-check\misis2024f-24-01-kuznetsov-m-a\build.check\prj.check\prj.check\doctest_rational\doctest_rational_io.vcxproj]
    45>D:\projects\misis2024f-check\misis2024f-24-01-kuznetsov-m-a\prj.check\prj.check\doctest_rational\doctest_rational.cpp(16,3): error C3861: Rational: идентификатор не найден [D:\projects\misis2024f-check\misis2024f-24-01-kuznetsov-m-a\build.check\prj.check\prj.check\doctest_rational\doctest_rational.vcxproj]
    47>D:\projects\misis2024f-check\misis2024f-24-01-kuznetsov-m-a\prj.check\prj.check\doctest_rational\doctest_rational_io.cpp(45,14): error C2065: r: необъявленный идентификатор [D:\projects\misis2024f-check\misis2024f-24-01-kuznetsov-m-a\build.check\prj.check\prj.check\doctest_rational\doctest_rational_io.vcxproj]
    47>D:\projects\misis2024f-check\misis2024f-24-01-kuznetsov-m-a\prj.check\prj.check\doctest_rational\doctest_rational_io.cpp(52,5): error C2065: Rational: необъявленный идентификатор [D:\projects\misis2024f-check\misis2024f-24-01-kuznetsov-m-a\build.check\prj.check\prj.check\doctest_rational\doctest_rational_io.vcxproj]
    47>D:\projects\misis2024f-check\misis2024f-24-01-kuznetsov-m-a\prj.check\prj.check\doctest_rational\doctest_rational_io.cpp(52,14): error C2146: синтаксическая ошибка: отсутствие ";" перед идентификатором "r" [D:\projects\misis2024f-check\misis2024f-24-01-kuznetsov-m-a\build.check\prj.check\prj.check\doctest_rational\doctest_rational_io.vcxproj]
    47>D:\projects\misis2024f-check\misis2024f-24-01-kuznetsov-m-a\prj.check\prj.check\doctest_rational\doctest_rational_io.cpp(52,14): error C2065: r: необъявленный идентификатор [D:\projects\misis2024f-check\misis2024f-24-01-kuznetsov-m-a\build.check\prj.check\prj.check\doctest_rational\doctest_rational_io.vcxproj]
    47>D:\projects\misis2024f-check\misis2024f-24-01-kuznetsov-m-a\prj.check\prj.check\doctest_rational\doctest_rational_io.cpp(53,14): error C2065: r: необъявленный идентификатор [D:\projects\misis2024f-check\misis2024f-24-01-kuznetsov-m-a\build.check\prj.check\prj.check\doctest_rational\doctest_rational_io.vcxproj]
    47>D:\projects\misis2024f-check\misis2024f-24-01-kuznetsov-m-a\prj.check\prj.check\doctest_rational\doctest_rational_io.cpp(62,5): error C2065: Rational: необъявленный идентификатор [D:\projects\misis2024f-check\misis2024f-24-01-kuznetsov-m-a\build.check\prj.check\prj.check\doctest_rational\doctest_rational_io.vcxproj]
    47>D:\projects\misis2024f-check\misis2024f-24-01-kuznetsov-m-a\prj.check\prj.check\doctest_rational\doctest_rational_io.cpp(62,14): error C2146: синтаксическая ошибка: отсутствие ";" перед идентификатором "r" [D:\projects\misis2024f-check\misis2024f-24-01-kuznetsov-m-a\build.check\prj.check\prj.check\doctest_rational\doctest_rational_io.vcxproj]
    47>D:\projects\misis2024f-check\misis2024f-24-01-kuznetsov-m-a\prj.check\prj.check\doctest_rational\doctest_rational_io.cpp(62,14): error C2065: r: необъявленный идентификатор [D:\projects\misis2024f-check\misis2024f-24-01-kuznetsov-m-a\build.check\prj.check\prj.check\doctest_rational\doctest_rational_io.vcxproj]
    45>D:\projects\misis2024f-check\misis2024f-24-01-kuznetsov-m-a\prj.check\prj.check\doctest_rational\doctest_rational.cpp(16,3): error C2678: бинарный "<<": не найден оператор, принимающий левый операнд типа "doctest::detail::ExpressionDecomposer" (или приемлемое преобразование отсутствует) [D:\projects\misis2024f-check\misis2024f-24-01-kuznetsov-m-a\build.check\prj.check\prj.check\doctest_rational\doctest_rational.vcxproj]
    47>D:\projects\misis2024f-check\misis2024f-24-01-kuznetsov-m-a\prj.check\prj.check\doctest_rational\doctest_rational_io.cpp(63,14): error C2065: r: необъявленный идентификатор [D:\projects\misis2024f-check\misis2024f-24-01-kuznetsov-m-a\build.check\prj.check\prj.check\doctest_rational\doctest_rational_io.vcxproj]
    47>D:\projects\misis2024f-check\misis2024f-24-01-kuznetsov-m-a\prj.check\prj.check\doctest_rational\doctest_rational_io.cpp(65,14): error C2065: r: необъявленный идентификатор [D:\projects\misis2024f-check\misis2024f-24-01-kuznetsov-m-a\build.check\prj.check\prj.check\doctest_rational\doctest_rational_io.vcxproj]
    45>D:\projects\misis2024f-check\misis2024f-24-01-kuznetsov-m-a\prj.check\prj.check\doctest_rational\doctest_rational.cpp(17,3): error C3861: Rational: идентификатор не найден [D:\projects\misis2024f-check\misis2024f-24-01-kuznetsov-m-a\build.check\prj.check\prj.check\doctest_rational\doctest_rational.vcxproj]
    45>D:\projects\misis2024f-check\misis2024f-24-01-kuznetsov-m-a\prj.check\prj.check\doctest_rational\doctest_rational.cpp(17,3): error C2678: бинарный "<<": не найден оператор, принимающий левый операнд типа "doctest::detail::ExpressionDecomposer" (или приемлемое преобразование отсутствует) [D:\projects\misis2024f-check\misis2024f-24-01-kuznetsov-m-a\build.check\prj.check\prj.check\doctest_rational\doctest_rational.vcxproj]
    45>D:\projects\misis2024f-check\misis2024f-24-01-kuznetsov-m-a\prj.check\prj.check\doctest_rational\doctest_rational.cpp(18,3): error C3861: Rational: идентификатор не найден [D:\projects\misis2024f-check\misis2024f-24-01-kuznetsov-m-a\build.check\prj.check\prj.check\doctest_rational\doctest_rational.vcxproj]
    45>D:\projects\misis2024f-check\misis2024f-24-01-kuznetsov-m-a\prj.check\prj.check\doctest_rational\doctest_rational.cpp(18,3): error C2678: бинарный "<<": не найден оператор, принимающий левый операнд типа "doctest::detail::ExpressionDecomposer" (или приемлемое преобразование отсутствует) [D:\projects\misis2024f-check\misis2024f-24-01-kuznetsov-m-a\build.check\prj.check\prj.check\doctest_rational\doctest_rational.vcxproj]
    45>D:\projects\misis2024f-check\misis2024f-24-01-kuznetsov-m-a\prj.check\prj.check\doctest_rational\doctest_rational.cpp(19,3): error C3861: Rational: идентификатор не найден [D:\projects\misis2024f-check\misis2024f-24-01-kuznetsov-m-a\build.check\prj.check\prj.check\doctest_rational\doctest_rational.vcxproj]
    45>D:\projects\misis2024f-check\misis2024f-24-01-kuznetsov-m-a\prj.check\prj.check\doctest_rational\doctest_rational.cpp(19,3): error C2678: бинарный "<<": не найден оператор, принимающий левый операнд типа "doctest::detail::ExpressionDecomposer" (или приемлемое преобразование отсутствует) [D:\projects\misis2024f-check\misis2024f-24-01-kuznetsov-m-a\build.check\prj.check\prj.check\doctest_rational\doctest_rational.vcxproj]
    45>D:\projects\misis2024f-check\misis2024f-24-01-kuznetsov-m-a\prj.check\prj.check\doctest_rational\doctest_rational.cpp(20,3): error C3861: Rational: идентификатор не найден [D:\projects\misis2024f-check\misis2024f-24-01-kuznetsov-m-a\build.check\prj.check\prj.check\doctest_rational\doctest_rational.vcxproj]
    45>D:\projects\misis2024f-check\misis2024f-24-01-kuznetsov-m-a\prj.check\prj.check\doctest_rational\doctest_rational.cpp(20,3): error C2678: бинарный "<<": не найден оператор, принимающий левый операнд типа "doctest::detail::ExpressionDecomposer" (или приемлемое преобразование отсутствует) [D:\projects\misis2024f-check\misis2024f-24-01-kuznetsov-m-a\build.check\prj.check\prj.check\doctest_rational\doctest_rational.vcxproj]
    45>D:\projects\misis2024f-check\misis2024f-24-01-kuznetsov-m-a\prj.check\prj.check\doctest_rational\doctest_rational.cpp(21,3): error C3861: Rational: идентификатор не найден [D:\projects\misis2024f-check\misis2024f-24-01-kuznetsov-m-a\build.check\prj.check\prj.check\doctest_rational\doctest_rational.vcxproj]
    45>D:\projects\misis2024f-check\misis2024f-24-01-kuznetsov-m-a\prj.check\prj.check\doctest_rational\doctest_rational.cpp(21,3): error C2678: бинарный "<<": не найден оператор, принимающий левый операнд типа "doctest::detail::ExpressionDecomposer" (или приемлемое преобразование отсутствует) [D:\projects\misis2024f-check\misis2024f-24-01-kuznetsov-m-a\build.check\prj.check\prj.check\doctest_rational\doctest_rational.vcxproj]
    45>D:\projects\misis2024f-check\misis2024f-24-01-kuznetsov-m-a\prj.check\prj.check\doctest_rational\doctest_rational.cpp(22,3): error C3861: Rational: идентификатор не найден [D:\projects\misis2024f-check\misis2024f-24-01-kuznetsov-m-a\build.check\prj.check\prj.check\doctest_rational\doctest_rational.vcxproj]
    45>D:\projects\misis2024f-check\misis2024f-24-01-kuznetsov-m-a\prj.check\prj.check\doctest_rational\doctest_rational.cpp(29,3): error C3861: Rational: идентификатор не найден [D:\projects\misis2024f-check\misis2024f-24-01-kuznetsov-m-a\build.check\prj.check\prj.check\doctest_rational\doctest_rational.vcxproj]
    45>D:\projects\misis2024f-check\misis2024f-24-01-kuznetsov-m-a\prj.check\prj.check\doctest_rational\doctest_rational.cpp(29,3): error C2672: "doctest::detail::ResultBuilder::binary_assert": не найдена соответствующая перегруженная функция [D:\projects\misis2024f-check\misis2024f-24-01-kuznetsov-m-a\build.check\prj.check\prj.check\doctest_rational\doctest_rational.vcxproj]
    45>D:\projects\misis2024f-check\misis2024f-24-01-kuznetsov-m-a\prj.check\prj.check\doctest_rational\doctest_rational.cpp(30,3): error C3861: Rational: идентификатор не найден [D:\projects\misis2024f-check\misis2024f-24-01-kuznetsov-m-a\build.check\prj.check\prj.check\doctest_rational\doctest_rational.vcxproj]
    45>D:\projects\misis2024f-check\misis2024f-24-01-kuznetsov-m-a\prj.check\prj.check\doctest_rational\doctest_rational.cpp(30,3): error C2672: "doctest::detail::ResultBuilder::binary_assert": не найдена соответствующая перегруженная функция [D:\projects\misis2024f-check\misis2024f-24-01-kuznetsov-m-a\build.check\prj.check\prj.check\doctest_rational\doctest_rational.vcxproj]
    45>D:\projects\misis2024f-check\misis2024f-24-01-kuznetsov-m-a\prj.check\prj.check\doctest_rational\doctest_rational.cpp(31,3): error C3861: Rational: идентификатор не найден [D:\projects\misis2024f-check\misis2024f-24-01-kuznetsov-m-a\build.check\prj.check\prj.check\doctest_rational\doctest_rational.vcxproj]
    45>D:\projects\misis2024f-check\misis2024f-24-01-kuznetsov-m-a\prj.check\prj.check\doctest_rational\doctest_rational.cpp(31,3): error C2672: "doctest::detail::ResultBuilder::binary_assert": не найдена соответствующая перегруженная функция [D:\projects\misis2024f-check\misis2024f-24-01-kuznetsov-m-a\build.check\prj.check\prj.check\doctest_rational\doctest_rational.vcxproj]
    45>D:\projects\misis2024f-check\misis2024f-24-01-kuznetsov-m-a\prj.check\prj.check\doctest_rational\doctest_rational.cpp(35,3): error C3861: Rational: идентификатор не найден [D:\projects\misis2024f-check\misis2024f-24-01-kuznetsov-m-a\build.check\prj.check\prj.check\doctest_rational\doctest_rational.vcxproj]
    45>D:\projects\misis2024f-check\misis2024f-24-01-kuznetsov-m-a\prj.check\prj.check\doctest_rational\doctest_rational.cpp(36,3): error C3861: Rational: идентификатор не найден [D:\projects\misis2024f-check\misis2024f-24-01-kuznetsov-m-a\build.check\prj.check\prj.check\doctest_rational\doctest_rational.vcxproj]
    45>D:\projects\misis2024f-check\misis2024f-24-01-kuznetsov-m-a\prj.check\prj.check\doctest_rational\doctest_rational.cpp(37,3): error C3861: Rational: идентификатор не найден [D:\projects\misis2024f-check\misis2024f-24-01-kuznetsov-m-a\build.check\prj.check\prj.check\doctest_rational\doctest_rational.vcxproj]
    45>D:\projects\misis2024f-check\misis2024f-24-01-kuznetsov-m-a\prj.check\prj.check\doctest_rational\doctest_rational.cpp(38,3): error C3861: Rational: идентификатор не найден [D:\projects\misis2024f-check\misis2024f-24-01-kuznetsov-m-a\build.check\prj.check\prj.check\doctest_rational\doctest_rational.vcxproj]
    45>D:\projects\misis2024f-check\misis2024f-24-01-kuznetsov-m-a\prj.check\prj.check\doctest_rational\doctest_rational.cpp(42,3): error C3861: Rational: идентификатор не найден [D:\projects\misis2024f-check\misis2024f-24-01-kuznetsov-m-a\build.check\prj.check\prj.check\doctest_rational\doctest_rational.vcxproj]
    45>D:\projects\misis2024f-check\misis2024f-24-01-kuznetsov-m-a\prj.check\prj.check\doctest_rational\doctest_rational.cpp(43,3): error C3861: Rational: идентификатор не найден [D:\projects\misis2024f-check\misis2024f-24-01-kuznetsov-m-a\build.check\prj.check\prj.check\doctest_rational\doctest_rational.vcxproj]
    45>D:\projects\misis2024f-check\misis2024f-24-01-kuznetsov-m-a\prj.check\prj.check\doctest_rational\doctest_rational.cpp(44,3): error C3861: Rational: идентификатор не найден [D:\projects\misis2024f-check\misis2024f-24-01-kuznetsov-m-a\build.check\prj.check\prj.check\doctest_rational\doctest_rational.vcxproj]
    45>D:\projects\misis2024f-check\misis2024f-24-01-kuznetsov-m-a\prj.check\prj.check\doctest_rational\doctest_rational.cpp(45,3): error C3861: Rational: идентификатор не найден [D:\projects\misis2024f-check\misis2024f-24-01-kuznetsov-m-a\build.check\prj.check\prj.check\doctest_rational\doctest_rational.vcxproj]
    45>D:\projects\misis2024f-check\misis2024f-24-01-kuznetsov-m-a\prj.check\prj.check\doctest_rational\doctest_rational.cpp(49,3): error C3861: Rational: идентификатор не найден [D:\projects\misis2024f-check\misis2024f-24-01-kuznetsov-m-a\build.check\prj.check\prj.check\doctest_rational\doctest_rational.vcxproj]
    45>D:\projects\misis2024f-check\misis2024f-24-01-kuznetsov-m-a\prj.check\prj.check\doctest_rational\doctest_rational.cpp(50,3): error C3861: Rational: идентификатор не найден [D:\projects\misis2024f-check\misis2024f-24-01-kuznetsov-m-a\build.check\prj.check\prj.check\doctest_rational\doctest_rational.vcxproj]
    45>D:\projects\misis2024f-check\misis2024f-24-01-kuznetsov-m-a\prj.check\prj.check\doctest_rational\doctest_rational.cpp(51,3): error C3861: Rational: идентификатор не найден [D:\projects\misis2024f-check\misis2024f-24-01-kuznetsov-m-a\build.check\prj.check\prj.check\doctest_rational\doctest_rational.vcxproj]
    45>D:\projects\misis2024f-check\misis2024f-24-01-kuznetsov-m-a\prj.check\prj.check\doctest_rational\doctest_rational.cpp(52,3): error C3861: Rational: идентификатор не найден [D:\projects\misis2024f-check\misis2024f-24-01-kuznetsov-m-a\build.check\prj.check\prj.check\doctest_rational\doctest_rational.vcxproj]
    45>D:\projects\misis2024f-check\misis2024f-24-01-kuznetsov-m-a\prj.check\prj.check\doctest_rational\doctest_rational.cpp(56,3): error C3861: Rational: идентификатор не найден [D:\projects\misis2024f-check\misis2024f-24-01-kuznetsov-m-a\build.check\prj.check\prj.check\doctest_rational\doctest_rational.vcxproj]
    45>D:\projects\misis2024f-check\misis2024f-24-01-kuznetsov-m-a\prj.check\prj.check\doctest_rational\doctest_rational.cpp(57,3): error C3861: Rational: идентификатор не найден [D:\projects\misis2024f-check\misis2024f-24-01-kuznetsov-m-a\build.check\prj.check\prj.check\doctest_rational\doctest_rational.vcxproj]
    45>D:\projects\misis2024f-check\misis2024f-24-01-kuznetsov-m-a\prj.check\prj.check\doctest_rational\doctest_rational.cpp(58,3): error C3861: Rational: идентификатор не найден [D:\projects\misis2024f-check\misis2024f-24-01-kuznetsov-m-a\build.check\prj.check\prj.check\doctest_rational\doctest_rational.vcxproj]
    45>D:\projects\misis2024f-check\misis2024f-24-01-kuznetsov-m-a\prj.check\prj.check\doctest_rational\doctest_rational.cpp(59,3): error C3861: Rational: идентификатор не найден [D:\projects\misis2024f-check\misis2024f-24-01-kuznetsov-m-a\build.check\prj.check\prj.check\doctest_rational\doctest_rational.vcxproj]
    45>D:\projects\misis2024f-check\misis2024f-24-01-kuznetsov-m-a\prj.check\prj.check\doctest_rational\doctest_rational.cpp(63,3): error C3861: Rational: идентификатор не найден [D:\projects\misis2024f-check\misis2024f-24-01-kuznetsov-m-a\build.check\prj.check\prj.check\doctest_rational\doctest_rational.vcxproj]
    45>D:\projects\misis2024f-check\misis2024f-24-01-kuznetsov-m-a\prj.check\prj.check\doctest_rational\doctest_rational.cpp(64,3): error C3861: Rational: идентификатор не найден [D:\projects\misis2024f-check\misis2024f-24-01-kuznetsov-m-a\build.check\prj.check\prj.check\doctest_rational\doctest_rational.vcxproj]
    45>D:\projects\misis2024f-check\misis2024f-24-01-kuznetsov-m-a\prj.check\prj.check\doctest_rational\doctest_rational.cpp(65,3): error C3861: Rational: идентификатор не найден [D:\projects\misis2024f-check\misis2024f-24-01-kuznetsov-m-a\build.check\prj.check\prj.check\doctest_rational\doctest_rational.vcxproj]
    45>D:\projects\misis2024f-check\misis2024f-24-01-kuznetsov-m-a\prj.check\prj.check\doctest_rational\doctest_rational.cpp(66,3): error C3861: Rational: идентификатор не найден [D:\projects\misis2024f-check\misis2024f-24-01-kuznetsov-m-a\build.check\prj.check\prj.check\doctest_rational\doctest_rational.vcxproj]
    45>D:\projects\misis2024f-check\misis2024f-24-01-kuznetsov-m-a\prj.check\prj.check\doctest_rational\doctest_rational.cpp(70,3): error C3861: Rational: идентификатор не найден [D:\projects\misis2024f-check\misis2024f-24-01-kuznetsov-m-a\build.check\prj.check\prj.check\doctest_rational\doctest_rational.vcxproj]
    45>D:\projects\misis2024f-check\misis2024f-24-01-kuznetsov-m-a\prj.check\prj.check\doctest_rational\doctest_rational.cpp(71,3): error C3861: Rational: идентификатор не найден [D:\projects\misis2024f-check\misis2024f-24-01-kuznetsov-m-a\build.check\prj.check\prj.check\doctest_rational\doctest_rational.vcxproj]
    45>D:\projects\misis2024f-check\misis2024f-24-01-kuznetsov-m-a\prj.check\prj.check\doctest_rational\doctest_rational.cpp(72,3): error C3861: Rational: идентификатор не найден [D:\projects\misis2024f-check\misis2024f-24-01-kuznetsov-m-a\build.check\prj.check\prj.check\doctest_rational\doctest_rational.vcxproj]
    45>D:\projects\misis2024f-check\misis2024f-24-01-kuznetsov-m-a\prj.check\prj.check\doctest_rational\doctest_rational.cpp(72,3): error C1003: число ошибок превышает 100; остановка компиляции [D:\projects\misis2024f-check\misis2024f-24-01-kuznetsov-m-a\build.check\prj.check\prj.check\doctest_rational\doctest_rational.vcxproj]
    44>LINK : fatal error LNK1181: не удается открыть входной файл "complex.lib" [D:\projects\misis2024f-check\misis2024f-24-01-kuznetsov-m-a\build.check\prj.check\prj.check\doctest_complex\doctest_complex_io.vcxproj]
    46>LINK : fatal error LNK1181: не удается открыть входной файл "complex.lib" [D:\projects\misis2024f-check\misis2024f-24-01-kuznetsov-m-a\build.check\prj.check\prj.check\doctest_complex\doctest_complex.vcxproj]
